2026-03-29 11:59:04 | INFO | ============================================================
2026-03-29 11:59:04 | INFO |   ImmoVision 360 — Ingestion des textes (Phase 1)
2026-03-29 11:59:04 | INFO |   Quartier cible : Élysée
2026-03-29 11:59:04 | INFO |   Mode overwrite : False
2026-03-29 11:59:04 | INFO | ============================================================
2026-03-29 11:59:04 | INFO | Lecture de listings.csv pour filtrer le quartier 'Élysée'...
2026-03-29 11:59:07 | INFO |   2625 annonces trouvées dans 'Élysée'
2026-03-29 11:59:07 | INFO | Lecture de reviews.csv...
2026-03-29 12:04:10 | INFO | ============================================================
2026-03-29 12:04:10 | INFO |   ImmoVision 360 — Ingestion des textes (Phase 1)
2026-03-29 12:04:10 | INFO |   Quartier cible : Élysée
2026-03-29 12:04:10 | INFO |   Mode overwrite : False
2026-03-29 12:04:10 | INFO | ============================================================
2026-03-29 12:04:10 | INFO | Lecture de listings.csv pour filtrer le quartier 'Élysée'...
2026-03-29 12:04:13 | INFO |   2625 annonces trouvées dans 'Élysée'
2026-03-29 12:04:13 | INFO | Lecture de reviews.csv...
2026-03-29 12:07:07 | INFO | ============================================================
2026-03-29 12:07:07 | INFO |   ImmoVision 360 — Ingestion des textes (Phase 1)
2026-03-29 12:07:07 | INFO |   Quartier cible : Élysée
2026-03-29 12:07:07 | INFO |   Mode overwrite : False
2026-03-29 12:07:07 | INFO | ============================================================
2026-03-29 12:07:07 | INFO | Lecture de listings.csv pour filtrer le quartier 'Élysée'...
2026-03-29 12:07:10 | INFO |   2625 annonces trouvées dans 'Élysée'
2026-03-29 12:07:10 | INFO | Lecture de reviews.csv...
2026-03-29 12:07:15 | INFO |   Total commentaires dans le CSV : 404892
2026-03-29 12:09:26 | INFO | ============================================================
2026-03-29 12:09:26 | INFO |   ImmoVision 360 — Ingestion des textes (Phase 1)
2026-03-29 12:09:26 | INFO |   Quartier cible : Élysée
2026-03-29 12:09:26 | INFO |   Mode overwrite : False
2026-03-29 12:09:26 | INFO | ============================================================
2026-03-29 12:09:26 | INFO | Lecture de listings.csv pour filtrer le quartier 'Élysée'...
2026-03-29 12:09:28 | INFO |   2625 annonces trouvées dans 'Élysée'
2026-03-29 12:09:29 | INFO | Lecture de reviews.csv...
2026-03-29 12:09:36 | INFO |   Total commentaires dans le CSV : 1048575
2026-03-29 12:16:26 | INFO | ============================================================
2026-03-29 12:16:26 | INFO |   ImmoVision 360 — Ingestion des textes (Phase 1)
2026-03-29 12:16:26 | INFO |   Quartier cible : Élysée
2026-03-29 12:16:26 | INFO |   Mode overwrite : False
2026-03-29 12:16:26 | INFO | ============================================================
2026-03-29 12:16:26 | INFO | Lecture de listings.csv pour filtrer le quartier 'Élysée'...
2026-03-29 12:16:32 | INFO |   Colonnes listings : ['id', 'listing_url', 'scrape_id', 'last_scraped', 'source', 'name', 'description', 'neighborhood_overview', 'picture_url', 'host_id', 'host_url', 'host_name', 'host_since', 'host_location', 'host_about', 'host_response_time', 'host_response_rate', 'host_acceptance_rate', 'host_is_superhost', 'host_thumbnail_url', 'host_picture_url', 'host_neighbourhood', 'host_listings_count', 'host_total_listings_count', 'host_verifications', 'host_has_profile_pic', 'host_identity_verified', 'neighbourhood', 'neighbourhood_cleansed', 'neighbourhood_group_cleansed', 'latitude', 'longitude', 'property_type', 'room_type', 'accommodates', 'bathrooms', 'bathrooms_text', 'bedrooms', 'beds', 'amenities', 'price', 'minimum_nights', 'maximum_nights', 'minimum_minimum_nights', 'maximum_minimum_nights', 'minimum_maximum_nights', 'maximum_maximum_nights', 'minimum_nights_avg_ntm', 'maximum_nights_avg_ntm', 'calendar_updated', 'has_availability', 'availability_30', 'availability_60', 'availability_90', 'availability_365', 'calendar_last_scraped', 'number_of_reviews', 'number_of_reviews_ltm', 'number_of_reviews_l30d', 'availability_eoy', 'number_of_reviews_ly', 'estimated_occupancy_l365d', 'estimated_revenue_l365d', 'first_review', 'last_review', 'review_scores_rating', 'review_scores_accuracy', 'review_scores_cleanliness', 'review_scores_checkin', 'review_scores_communication', 'review_scores_location', 'review_scores_value', 'license', 'instant_bookable', 'calculated_host_listings_count', 'calculated_host_listings_count_entire_homes', 'calculated_host_listings_count_private_rooms', 'calculated_host_listings_count_shared_rooms', 'reviews_per_month']
2026-03-29 12:16:32 | INFO |   2625 annonces trouvées dans 'Élysée'
2026-03-29 12:16:32 | INFO | Lecture de reviews.csv...
2026-03-29 12:16:41 | INFO |   Total commentaires dans le CSV : 404892
2026-03-29 12:16:41 | INFO |   Colonnes reviews : ['listing_id', 'id', 'date', 'reviewer_id', 'reviewer_name', 'comments;;;;;;;;;;;;;;;;;;;']
2026-03-29 12:16:41 | INFO |   Colonne ID utilisée : listing_id
2026-03-29 12:16:41 | INFO |   Colonne texte utilisée : comments;;;;;;;;;;;;;;;;;;;
2026-03-29 12:16:41 | INFO |   Commentaires pour l'Élysée : 8751
2026-03-29 12:16:41 | INFO |   Annonces avec commentaires : 281
2026-03-29 12:16:42 | INFO | 
Création de 281 fichiers texte...

2026-03-29 12:16:42 | INFO |   [1/281] ID 10009143 — 6 commentaire(s)
2026-03-29 12:16:42 | INFO |   [2/281] ID 10049291 — 51 commentaire(s)
2026-03-29 12:16:42 | INFO |   [3/281] ID 1005600 — 54 commentaire(s)
2026-03-29 12:16:42 | INFO |   [4/281] ID 10177415 — 70 commentaire(s)
2026-03-29 12:16:42 | INFO |   [5/281] ID 10315266 — 5 commentaire(s)
2026-03-29 12:16:42 | INFO |   [6/281] ID 10330977 — 7 commentaire(s)
2026-03-29 12:16:42 | INFO |   [7/281] ID 1036684 — 10 commentaire(s)
2026-03-29 12:16:42 | INFO |   [8/281] ID 10461161 — 5 commentaire(s)
2026-03-29 12:16:42 | INFO |   [9/281] ID 10534837 — 79 commentaire(s)
2026-03-29 12:16:42 | INFO |   [10/281] ID 1057854 — 14 commentaire(s)
2026-03-29 12:16:42 | INFO |   [11/281] ID 10777269 — 119 commentaire(s)
2026-03-29 12:16:42 | INFO |   [12/281] ID 108591 — 13 commentaire(s)
2026-03-29 12:16:42 | INFO |   [13/281] ID 10930100 — 7 commentaire(s)
2026-03-29 12:16:42 | INFO |   [14/281] ID 11076926 — 55 commentaire(s)
2026-03-29 12:16:42 | INFO |   [15/281] ID 11254840 — 4 commentaire(s)
2026-03-29 12:16:42 | INFO |   [16/281] ID 11436236 — 207 commentaire(s)
2026-03-29 12:16:42 | INFO |   [17/281] ID 11450917 — 53 commentaire(s)
2026-03-29 12:16:42 | INFO |   [18/281] ID 11559006 — 10 commentaire(s)
2026-03-29 12:16:42 | INFO |   [19/281] ID 1192253 — 6 commentaire(s)
2026-03-29 12:16:42 | INFO |   [20/281] ID 12086068 — 16 commentaire(s)
2026-03-29 12:16:42 | INFO |   [21/281] ID 12087891 — 17 commentaire(s)
2026-03-29 12:16:42 | INFO |   [22/281] ID 12196813 — 70 commentaire(s)
2026-03-29 12:16:42 | INFO |   [23/281] ID 12198163 — 1 commentaire(s)
2026-03-29 12:16:42 | INFO |   [24/281] ID 12217315 — 2 commentaire(s)
2026-03-29 12:16:42 | INFO |   [25/281] ID 12237327 — 12 commentaire(s)
2026-03-29 12:16:42 | INFO |   [26/281] ID 12264956 — 17 commentaire(s)
2026-03-29 12:16:42 | INFO |   [27/281] ID 12461590 — 2 commentaire(s)
2026-03-29 12:16:42 | INFO |   [28/281] ID 12490398 — 8 commentaire(s)
2026-03-29 12:16:42 | INFO |   [29/281] ID 12505796 — 23 commentaire(s)
2026-03-29 12:16:42 | INFO |   [30/281] ID 12575495 — 1 commentaire(s)
2026-03-29 12:16:42 | INFO |   [31/281] ID 12593463 — 81 commentaire(s)
2026-03-29 12:16:42 | INFO |   [32/281] ID 12661406 — 30 commentaire(s)
2026-03-29 12:16:42 | INFO |   [33/281] ID 12666900 — 7 commentaire(s)
2026-03-29 12:16:42 | INFO |   [34/281] ID 12682231 — 4 commentaire(s)
2026-03-29 12:16:42 | INFO |   [35/281] ID 12826279 — 1 commentaire(s)
2026-03-29 12:16:42 | INFO |   [36/281] ID 12925207 — 7 commentaire(s)
2026-03-29 12:16:42 | INFO |   [37/281] ID 13050861 — 4 commentaire(s)
2026-03-29 12:16:42 | INFO |   [38/281] ID 13051365 — 68 commentaire(s)
2026-03-29 12:16:42 | INFO |   [39/281] ID 13181865 — 1 commentaire(s)
2026-03-29 12:16:42 | INFO |   [40/281] ID 13257209 — 3 commentaire(s)
2026-03-29 12:16:42 | INFO |   [41/281] ID 13262896 — 1 commentaire(s)
2026-03-29 12:16:42 | INFO |   [42/281] ID 1329018 — 96 commentaire(s)
2026-03-29 12:16:42 | INFO |   [43/281] ID 13295529 — 59 commentaire(s)
2026-03-29 12:16:42 | INFO |   [44/281] ID 13344259 — 77 commentaire(s)
2026-03-29 12:16:42 | INFO |   [45/281] ID 1336131 — 8 commentaire(s)
2026-03-29 12:16:42 | INFO |   [46/281] ID 13519930 — 63 commentaire(s)
2026-03-29 12:16:42 | INFO |   [47/281] ID 1353338 — 2 commentaire(s)
2026-03-29 12:16:42 | INFO |   [48/281] ID 1359986 — 32 commentaire(s)
2026-03-29 12:16:42 | INFO |   [49/281] ID 13600836 — 1 commentaire(s)
2026-03-29 12:16:42 | INFO |   [50/281] ID 13602090 — 178 commentaire(s)
2026-03-29 12:16:42 | INFO |   [51/281] ID 13705258 — 14 commentaire(s)
2026-03-29 12:16:42 | INFO |   [52/281] ID 13736006 — 3 commentaire(s)
2026-03-29 12:16:42 | INFO |   [53/281] ID 13756206 — 12 commentaire(s)
2026-03-29 12:16:42 | INFO |   [54/281] ID 13813405 — 2 commentaire(s)
2026-03-29 12:16:42 | INFO |   [55/281] ID 13989978 — 34 commentaire(s)
2026-03-29 12:16:42 | INFO |   [56/281] ID 14066049 — 2 commentaire(s)
2026-03-29 12:16:42 | INFO |   [57/281] ID 14173173 — 2 commentaire(s)
2026-03-29 12:16:42 | INFO |   [58/281] ID 14178982 — 7 commentaire(s)
2026-03-29 12:16:42 | INFO |   [59/281] ID 14193443 — 14 commentaire(s)
2026-03-29 12:16:42 | INFO |   [60/281] ID 14230902 — 27 commentaire(s)
2026-03-29 12:16:42 | INFO |   [61/281] ID 14275153 — 20 commentaire(s)
2026-03-29 12:16:42 | INFO |   [62/281] ID 14358983 — 26 commentaire(s)
2026-03-29 12:16:42 | INFO |   [63/281] ID 1448260 — 1 commentaire(s)
2026-03-29 12:16:42 | INFO |   [64/281] ID 14540984 — 75 commentaire(s)
2026-03-29 12:16:42 | INFO |   [65/281] ID 14628856 — 3 commentaire(s)
2026-03-29 12:16:42 | INFO |   [66/281] ID 14791770 — 15 commentaire(s)
2026-03-29 12:16:42 | INFO |   [67/281] ID 14852046 — 7 commentaire(s)
2026-03-29 12:16:42 | INFO |   [68/281] ID 15013954 — 11 commentaire(s)
2026-03-29 12:16:42 | INFO |   [69/281] ID 15107916 — 15 commentaire(s)
2026-03-29 12:16:42 | INFO |   [70/281] ID 15110831 — 10 commentaire(s)
2026-03-29 12:16:42 | INFO |   [71/281] ID 15281334 — 4 commentaire(s)
2026-03-29 12:16:42 | INFO |   [72/281] ID 15462775 — 32 commentaire(s)
2026-03-29 12:16:42 | INFO |   [73/281] ID 15487716 — 18 commentaire(s)
2026-03-29 12:16:42 | INFO |   [74/281] ID 1550642 — 6 commentaire(s)
2026-03-29 12:16:42 | INFO |   [75/281] ID 15593539 — 140 commentaire(s)
2026-03-29 12:16:42 | INFO |   [76/281] ID 15637733 — 19 commentaire(s)
2026-03-29 12:16:42 | INFO |   [77/281] ID 15673624 — 14 commentaire(s)
2026-03-29 12:16:42 | INFO |   [78/281] ID 15881622 — 6 commentaire(s)
2026-03-29 12:16:42 | INFO |   [79/281] ID 15899428 — 2 commentaire(s)
2026-03-29 12:16:42 | INFO |   [80/281] ID 16045277 — 12 commentaire(s)
2026-03-29 12:16:42 | INFO |   [81/281] ID 16219495 — 18 commentaire(s)
2026-03-29 12:16:42 | INFO |   [82/281] ID 16331783 — 47 commentaire(s)
2026-03-29 12:16:42 | INFO |   [83/281] ID 16433885 — 23 commentaire(s)
2026-03-29 12:16:42 | INFO |   [84/281] ID 1670507 — 4 commentaire(s)
2026-03-29 12:16:42 | INFO |   [85/281] ID 171159 — 198 commentaire(s)
2026-03-29 12:16:42 | INFO |   [86/281] ID 17118376 — 5 commentaire(s)
2026-03-29 12:16:42 | INFO |   [87/281] ID 17369914 — 8 commentaire(s)
2026-03-29 12:16:42 | INFO |   [88/281] ID 17477446 — 25 commentaire(s)
2026-03-29 12:16:42 | INFO |   [89/281] ID 17510295 — 39 commentaire(s)
2026-03-29 12:16:42 | INFO |   [90/281] ID 17746348 — 96 commentaire(s)
2026-03-29 12:16:42 | INFO |   [91/281] ID 17760915 — 4 commentaire(s)
2026-03-29 12:16:42 | INFO |   [92/281] ID 17769356 — 1 commentaire(s)
2026-03-29 12:16:42 | INFO |   [93/281] ID 17784695 — 29 commentaire(s)
2026-03-29 12:16:42 | INFO |   [94/281] ID 1785028 — 32 commentaire(s)
2026-03-29 12:16:42 | INFO |   [95/281] ID 18205045 — 73 commentaire(s)
2026-03-29 12:16:42 | INFO |   [96/281] ID 18245894 — 2 commentaire(s)
2026-03-29 12:16:42 | INFO |   [97/281] ID 18341049 — 7 commentaire(s)
2026-03-29 12:16:42 | INFO |   [98/281] ID 18501263 — 18 commentaire(s)
2026-03-29 12:16:42 | INFO |   [99/281] ID 18543640 — 2 commentaire(s)
2026-03-29 12:16:42 | INFO |   [100/281] ID 18592217 — 7 commentaire(s)
2026-03-29 12:16:42 | INFO |   [101/281] ID 18627010 — 2 commentaire(s)
2026-03-29 12:16:42 | INFO |   [102/281] ID 18679358 — 2 commentaire(s)
2026-03-29 12:16:42 | INFO |   [103/281] ID 18733658 — 5 commentaire(s)
2026-03-29 12:16:42 | INFO |   [104/281] ID 18797660 — 41 commentaire(s)
2026-03-29 12:16:42 | INFO |   [105/281] ID 18861731 — 5 commentaire(s)
2026-03-29 12:16:42 | INFO |   [106/281] ID 1892591 — 5 commentaire(s)
2026-03-29 12:16:42 | INFO |   [107/281] ID 18985577 — 50 commentaire(s)
2026-03-29 12:16:42 | INFO |   [108/281] ID 19099840 — 4 commentaire(s)
2026-03-29 12:16:42 | INFO |   [109/281] ID 19116969 — 5 commentaire(s)
2026-03-29 12:16:42 | INFO |   [110/281] ID 19154606 — 326 commentaire(s)
2026-03-29 12:16:42 | INFO |   [111/281] ID 19237646 — 22 commentaire(s)
2026-03-29 12:16:42 | INFO |   [112/281] ID 19268981 — 2 commentaire(s)
2026-03-29 12:16:42 | INFO |   [113/281] ID 19373778 — 10 commentaire(s)
2026-03-29 12:16:42 | INFO |   [114/281] ID 19444226 — 38 commentaire(s)
2026-03-29 12:16:42 | INFO |   [115/281] ID 19463468 — 2 commentaire(s)
2026-03-29 12:16:42 | INFO |   [116/281] ID 19504460 — 2 commentaire(s)
2026-03-29 12:16:42 | INFO |   [117/281] ID 19567542 — 11 commentaire(s)
2026-03-29 12:16:42 | INFO |   [118/281] ID 19657406 — 19 commentaire(s)
2026-03-29 12:16:42 | INFO |   [119/281] ID 19657742 — 1 commentaire(s)
2026-03-29 12:16:42 | INFO |   [120/281] ID 19670127 — 7 commentaire(s)
2026-03-29 12:16:42 | INFO |   [121/281] ID 19673508 — 7 commentaire(s)
2026-03-29 12:16:42 | INFO |   [122/281] ID 19689279 — 2 commentaire(s)
2026-03-29 12:16:42 | INFO |   [123/281] ID 19728487 — 1 commentaire(s)
2026-03-29 12:16:42 | INFO |   [124/281] ID 19755723 — 3 commentaire(s)
2026-03-29 12:16:42 | INFO |   [125/281] ID 19795939 — 55 commentaire(s)
2026-03-29 12:16:42 | INFO |   [126/281] ID 1983291 — 11 commentaire(s)
2026-03-29 12:16:42 | INFO |   [127/281] ID 20159456 — 1 commentaire(s)
2026-03-29 12:16:42 | INFO |   [128/281] ID 20174468 — 48 commentaire(s)
2026-03-29 12:16:42 | INFO |   [129/281] ID 20218377 — 26 commentaire(s)
2026-03-29 12:16:42 | INFO |   [130/281] ID 20241076 — 27 commentaire(s)
2026-03-29 12:16:42 | INFO |   [131/281] ID 20262163 — 4 commentaire(s)
2026-03-29 12:16:42 | INFO |   [132/281] ID 20267185 — 9 commentaire(s)
2026-03-29 12:16:42 | INFO |   [133/281] ID 20320861 — 3 commentaire(s)
2026-03-29 12:16:42 | INFO |   [134/281] ID 20414473 — 7 commentaire(s)
2026-03-29 12:16:42 | INFO |   [135/281] ID 20605635 — 23 commentaire(s)
2026-03-29 12:16:42 | INFO |   [136/281] ID 20816563 — 7 commentaire(s)
2026-03-29 12:16:42 | INFO |   [137/281] ID 20929848 — 1 commentaire(s)
2026-03-29 12:16:42 | INFO |   [138/281] ID 21250979 — 64 commentaire(s)
2026-03-29 12:16:42 | INFO |   [139/281] ID 21329599 — 2 commentaire(s)
2026-03-29 12:16:42 | INFO |   [140/281] ID 2162251 — 94 commentaire(s)
2026-03-29 12:16:42 | INFO |   [141/281] ID 21659430 — 48 commentaire(s)
2026-03-29 12:16:42 | INFO |   [142/281] ID 21673538 — 35 commentaire(s)
2026-03-29 12:16:42 | INFO |   [143/281] ID 21780368 — 360 commentaire(s)
2026-03-29 12:16:42 | INFO |   [144/281] ID 21834117 — 22 commentaire(s)
2026-03-29 12:16:42 | INFO |   [145/281] ID 21857142 — 138 commentaire(s)
2026-03-29 12:16:42 | INFO |   [146/281] ID 22158 — 41 commentaire(s)
2026-03-29 12:16:42 | INFO |   [147/281] ID 22398638 — 38 commentaire(s)
2026-03-29 12:16:42 | INFO |   [148/281] ID 22398948 — 8 commentaire(s)
2026-03-29 12:16:42 | INFO |   [149/281] ID 22511432 — 5 commentaire(s)
2026-03-29 12:16:42 | INFO |   [150/281] ID 22647020 — 35 commentaire(s)
2026-03-29 12:16:42 | INFO |   [151/281] ID 22667883 — 12 commentaire(s)
2026-03-29 12:16:42 | INFO |   [152/281] ID 22828500 — 5 commentaire(s)
2026-03-29 12:16:42 | INFO |   [153/281] ID 22889414 — 24 commentaire(s)
2026-03-29 12:16:42 | INFO |   [154/281] ID 23036313 — 1 commentaire(s)
2026-03-29 12:16:42 | INFO |   [155/281] ID 23101918 — 5 commentaire(s)
2026-03-29 12:16:42 | INFO |   [156/281] ID 23118333 — 31 commentaire(s)
2026-03-29 12:16:42 | INFO |   [157/281] ID 23316029 — 1 commentaire(s)
2026-03-29 12:16:42 | INFO |   [158/281] ID 23322168 — 3 commentaire(s)
2026-03-29 12:16:42 | INFO |   [159/281] ID 23369363 — 18 commentaire(s)
2026-03-29 12:16:42 | INFO |   [160/281] ID 23464119 — 32 commentaire(s)
2026-03-29 12:16:42 | INFO |   [161/281] ID 23474118 — 28 commentaire(s)
2026-03-29 12:16:42 | INFO |   [162/281] ID 23769001 — 12 commentaire(s)
2026-03-29 12:16:42 | INFO |   [163/281] ID 2384250 — 4 commentaire(s)
2026-03-29 12:16:42 | INFO |   [164/281] ID 24132831 — 2 commentaire(s)
2026-03-29 12:16:42 | INFO |   [165/281] ID 24133705 — 30 commentaire(s)
2026-03-29 12:16:42 | INFO |   [166/281] ID 2415284 — 16 commentaire(s)
2026-03-29 12:16:42 | INFO |   [167/281] ID 24225710 — 17 commentaire(s)
2026-03-29 12:16:42 | INFO |   [168/281] ID 24239004 — 3 commentaire(s)
2026-03-29 12:16:42 | INFO |   [169/281] ID 24255601 — 12 commentaire(s)
2026-03-29 12:16:42 | INFO |   [170/281] ID 243040 — 13 commentaire(s)
2026-03-29 12:16:42 | INFO |   [171/281] ID 24507692 — 1 commentaire(s)
2026-03-29 12:16:42 | INFO |   [172/281] ID 24698217 — 5 commentaire(s)
2026-03-29 12:16:42 | INFO |   [173/281] ID 24853811 — 8 commentaire(s)
2026-03-29 12:16:42 | INFO |   [174/281] ID 24862301 — 4 commentaire(s)
2026-03-29 12:16:42 | INFO |   [175/281] ID 2488505 — 28 commentaire(s)
2026-03-29 12:16:42 | INFO |   [176/281] ID 24934385 — 26 commentaire(s)
2026-03-29 12:16:42 | INFO |   [177/281] ID 2527936 — 6 commentaire(s)
2026-03-29 12:16:42 | INFO |   [178/281] ID 25312836 — 51 commentaire(s)
2026-03-29 12:16:42 | INFO |   [179/281] ID 25503255 — 52 commentaire(s)
2026-03-29 12:16:42 | INFO |   [180/281] ID 2579897 — 10 commentaire(s)
2026-03-29 12:16:42 | INFO |   [181/281] ID 25839392 — 8 commentaire(s)
2026-03-29 12:16:42 | INFO |   [182/281] ID 25876309 — 1 commentaire(s)
2026-03-29 12:16:42 | INFO |   [183/281] ID 25923831 — 24 commentaire(s)
2026-03-29 12:16:42 | INFO |   [184/281] ID 26046499 — 2 commentaire(s)
2026-03-29 12:16:42 | INFO |   [185/281] ID 26046502 — 7 commentaire(s)
2026-03-29 12:16:42 | INFO |   [186/281] ID 26046504 — 4 commentaire(s)
2026-03-29 12:16:42 | INFO |   [187/281] ID 26046506 — 3 commentaire(s)
2026-03-29 12:16:42 | INFO |   [188/281] ID 26154066 — 4 commentaire(s)
2026-03-29 12:16:42 | INFO |   [189/281] ID 2615923 — 76 commentaire(s)
2026-03-29 12:16:42 | INFO |   [190/281] ID 26188730 — 248 commentaire(s)
2026-03-29 12:16:42 | INFO |   [191/281] ID 26291122 — 31 commentaire(s)
2026-03-29 12:16:42 | INFO |   [192/281] ID 26335476 — 8 commentaire(s)
2026-03-29 12:16:42 | INFO |   [193/281] ID 26458850 — 11 commentaire(s)
2026-03-29 12:16:42 | INFO |   [194/281] ID 26489519 — 1 commentaire(s)
2026-03-29 12:16:42 | INFO |   [195/281] ID 26582414 — 17 commentaire(s)
2026-03-29 12:16:42 | INFO |   [196/281] ID 26612366 — 5 commentaire(s)
2026-03-29 12:16:42 | INFO |   [197/281] ID 26771703 — 6 commentaire(s)
2026-03-29 12:16:42 | INFO |   [198/281] ID 2678065 — 68 commentaire(s)
2026-03-29 12:16:42 | INFO |   [199/281] ID 270067 — 18 commentaire(s)
2026-03-29 12:16:42 | INFO |   [200/281] ID 2785692 — 3 commentaire(s)
2026-03-29 12:16:42 | INFO |   [201/281] ID 2871271 — 123 commentaire(s)
2026-03-29 12:16:42 | INFO |   [202/281] ID 2892435 — 219 commentaire(s)
2026-03-29 12:16:42 | INFO |   [203/281] ID 3126320 — 7 commentaire(s)
2026-03-29 12:16:42 | INFO |   [204/281] ID 3269034 — 15 commentaire(s)
2026-03-29 12:16:42 | INFO |   [205/281] ID 3292824 — 1 commentaire(s)
2026-03-29 12:16:42 | INFO |   [206/281] ID 3369673 — 29 commentaire(s)
2026-03-29 12:16:42 | INFO |   [207/281] ID 3385662 — 23 commentaire(s)
2026-03-29 12:16:42 | INFO |   [208/281] ID 3421149 — 29 commentaire(s)
2026-03-29 12:16:42 | INFO |   [209/281] ID 3483434 — 3 commentaire(s)
2026-03-29 12:16:42 | INFO |   [210/281] ID 348747 — 95 commentaire(s)
2026-03-29 12:16:42 | INFO |   [211/281] ID 3492606 — 26 commentaire(s)
2026-03-29 12:16:42 | INFO |   [212/281] ID 3597324 — 197 commentaire(s)
2026-03-29 12:16:42 | INFO |   [213/281] ID 3626136 — 6 commentaire(s)
2026-03-29 12:16:42 | INFO |   [214/281] ID 3661319 — 1 commentaire(s)
2026-03-29 12:16:42 | INFO |   [215/281] ID 3838884 — 8 commentaire(s)
2026-03-29 12:16:42 | INFO |   [216/281] ID 3891859 — 138 commentaire(s)
2026-03-29 12:16:42 | INFO |   [217/281] ID 4008153 — 70 commentaire(s)
2026-03-29 12:16:42 | INFO |   [218/281] ID 4028720 — 31 commentaire(s)
2026-03-29 12:16:42 | INFO |   [219/281] ID 4073301 — 2 commentaire(s)
2026-03-29 12:16:42 | INFO |   [220/281] ID 4155299 — 18 commentaire(s)
2026-03-29 12:16:42 | INFO |   [221/281] ID 4195472 — 17 commentaire(s)
2026-03-29 12:16:42 | INFO |   [222/281] ID 4327237 — 43 commentaire(s)
2026-03-29 12:16:42 | INFO |   [223/281] ID 4421966 — 77 commentaire(s)
2026-03-29 12:16:42 | INFO |   [224/281] ID 4555353 — 1 commentaire(s)
2026-03-29 12:16:42 | INFO |   [225/281] ID 4574708 — 88 commentaire(s)
2026-03-29 12:16:42 | INFO |   [226/281] ID 4602936 — 28 commentaire(s)
2026-03-29 12:16:42 | INFO |   [227/281] ID 4696099 — 2 commentaire(s)
2026-03-29 12:16:42 | INFO |   [228/281] ID 4770319 — 5 commentaire(s)
2026-03-29 12:16:42 | INFO |   [229/281] ID 48592 — 19 commentaire(s)
2026-03-29 12:16:42 | INFO |   [230/281] ID 4947623 — 3 commentaire(s)
2026-03-29 12:16:42 | INFO |   [231/281] ID 5266569 — 51 commentaire(s)
2026-03-29 12:16:42 | INFO |   [232/281] ID 536347 — 5 commentaire(s)
2026-03-29 12:16:42 | INFO |   [233/281] ID 5506550 — 31 commentaire(s)
2026-03-29 12:16:42 | INFO |   [234/281] ID 55239 — 7 commentaire(s)
2026-03-29 12:16:42 | INFO |   [235/281] ID 5743007 — 5 commentaire(s)
2026-03-29 12:16:42 | INFO |   [236/281] ID 5745576 — 3 commentaire(s)
2026-03-29 12:16:42 | INFO |   [237/281] ID 5853836 — 27 commentaire(s)
2026-03-29 12:16:42 | INFO |   [238/281] ID 5987705 — 46 commentaire(s)
2026-03-29 12:16:42 | INFO |   [239/281] ID 6136342 — 2 commentaire(s)
2026-03-29 12:16:42 | INFO |   [240/281] ID 6197994 — 5 commentaire(s)
2026-03-29 12:16:42 | INFO |   [241/281] ID 6211581 — 54 commentaire(s)
2026-03-29 12:16:42 | INFO |   [242/281] ID 6307603 — 12 commentaire(s)
2026-03-29 12:16:42 | INFO |   [243/281] ID 6608686 — 7 commentaire(s)
2026-03-29 12:16:42 | INFO |   [244/281] ID 6631831 — 3 commentaire(s)
2026-03-29 12:16:42 | INFO |   [245/281] ID 6668409 — 19 commentaire(s)
2026-03-29 12:16:42 | INFO |   [246/281] ID 6675025 — 39 commentaire(s)
2026-03-29 12:16:42 | INFO |   [247/281] ID 6725364 — 17 commentaire(s)
2026-03-29 12:16:42 | INFO |   [248/281] ID 6764772 — 9 commentaire(s)
2026-03-29 12:16:42 | INFO |   [249/281] ID 6921651 — 318 commentaire(s)
2026-03-29 12:16:42 | INFO |   [250/281] ID 6967533 — 2 commentaire(s)
2026-03-29 12:16:42 | INFO |   [251/281] ID 6990972 — 3 commentaire(s)
2026-03-29 12:16:42 | INFO |   [252/281] ID 7001191 — 1 commentaire(s)
2026-03-29 12:16:42 | INFO |   [253/281] ID 7048241 — 1 commentaire(s)
2026-03-29 12:16:42 | INFO |   [254/281] ID 7267594 — 49 commentaire(s)
2026-03-29 12:16:42 | INFO |   [255/281] ID 7272144 — 3 commentaire(s)
2026-03-29 12:16:42 | INFO |   [256/281] ID 7296933 — 35 commentaire(s)
2026-03-29 12:16:42 | INFO |   [257/281] ID 7299888 — 13 commentaire(s)
2026-03-29 12:16:42 | INFO |   [258/281] ID 7395948 — 1 commentaire(s)
2026-03-29 12:16:42 | INFO |   [259/281] ID 7398532 — 59 commentaire(s)
2026-03-29 12:16:42 | INFO |   [260/281] ID 7599950 — 247 commentaire(s)
2026-03-29 12:16:42 | INFO |   [261/281] ID 763958 — 84 commentaire(s)
2026-03-29 12:16:42 | INFO |   [262/281] ID 7658875 — 1 commentaire(s)
2026-03-29 12:16:42 | INFO |   [263/281] ID 7686703 — 3 commentaire(s)
2026-03-29 12:16:42 | INFO |   [264/281] ID 7707109 — 29 commentaire(s)
2026-03-29 12:16:42 | INFO |   [265/281] ID 782257 — 26 commentaire(s)
2026-03-29 12:16:42 | INFO |   [266/281] ID 8097866 — 145 commentaire(s)
2026-03-29 12:16:42 | INFO |   [267/281] ID 8143461 — 4 commentaire(s)
2026-03-29 12:16:42 | INFO |   [268/281] ID 8280416 — 1 commentaire(s)
2026-03-29 12:16:42 | INFO |   [269/281] ID 8356404 — 12 commentaire(s)
2026-03-29 12:16:42 | INFO |   [270/281] ID 8626791 — 29 commentaire(s)
2026-03-29 12:16:42 | INFO |   [271/281] ID 893684 — 46 commentaire(s)
2026-03-29 12:16:42 | INFO |   [272/281] ID 8978922 — 1 commentaire(s)
2026-03-29 12:16:42 | INFO |   [273/281] ID 9093970 — 140 commentaire(s)
2026-03-29 12:16:42 | INFO |   [274/281] ID 9100637 — 17 commentaire(s)
2026-03-29 12:16:42 | INFO |   [275/281] ID 9191486 — 10 commentaire(s)
2026-03-29 12:16:42 | INFO |   [276/281] ID 9521230 — 4 commentaire(s)
2026-03-29 12:16:42 | INFO |   [277/281] ID 9628436 — 1 commentaire(s)
2026-03-29 12:16:42 | INFO |   [278/281] ID 9786323 — 5 commentaire(s)
2026-03-29 12:16:42 | INFO |   [279/281] ID 9850431 — 27 commentaire(s)
2026-03-29 12:16:42 | INFO |   [280/281] ID 9952351 — 23 commentaire(s)
2026-03-29 12:16:42 | INFO |   [281/281] ID 9990052 — 198 commentaire(s)
2026-03-29 12:16:42 | INFO | 
============================================================
2026-03-29 12:16:42 | INFO |   RAPPORT D'AUDIT — Ingestion Textes
2026-03-29 12:16:42 | INFO | ============================================================
2026-03-29 12:16:42 | INFO |   Total annonces avec commentaires : 281
2026-03-29 12:16:42 | INFO |   Fichiers créés                   : 281
2026-03-29 12:16:42 | INFO |   Fichiers déjà présents (skip)    : 0
2026-03-29 12:16:42 | INFO |   Erreurs                          : 0
2026-03-29 12:16:42 | INFO |   Taux de complétion               : 100.0 %
2026-03-29 12:16:42 | INFO | 
  Log sauvegardé dans : data/raw/ingestion_textes.log
2026-03-29 12:16:42 | INFO | ============================================================
2026-03-29 12:16:42 | INFO |   Script terminé. Prochaine étape : 03_sanity_check.py
2026-03-29 12:16:42 | INFO | ============================================================
